Flow report for ProcessadorMIPS
Mon Nov 17 23:32:24 2025
Quartus II 64-Bit Version 13.1.0 Build 162 10/23/2013 SJ Web Edition


---------------------
; Table of Contents ;
---------------------
  1. Legal Notice
  2. Flow Summary
  3. Flow Settings
  4. Flow Non-Default Global Settings
  5. Flow Elapsed Time
  6. Flow OS Summary
  7. Flow Log
  8. Flow Messages
  9. Flow Suppressed Messages



----------------
; Legal Notice ;
----------------
Copyright (C) 1991-2013 Altera Corporation
Your use of Altera Corporation's design tools, logic functions 
and other software and tools, and its AMPP partner logic 
functions, and any output files from any of the foregoing 
(including device programming or simulation files), and any 
associated documentation or information are expressly subject 
to the terms and conditions of the Altera Program License 
Subscription Agreement, Altera MegaCore Function License 
Agreement, or other applicable license agreement, including, 
without limitation, that your use is for the sole purpose of 
programming logic devices manufactured by Altera and sold by 
Altera or its authorized distributors.  Please refer to the 
applicable agreement for further details.



+---------------------------------------------------------------------------------+
; Flow Summary                                                                    ;
+------------------------------------+--------------------------------------------+
; Flow Status                        ; Successful - Mon Nov 17 23:32:24 2025      ;
; Quartus II 64-Bit Version          ; 13.1.0 Build 162 10/23/2013 SJ Web Edition ;
; Revision Name                      ; ProcessadorMIPS                            ;
; Top-level Entity Name              ; MIPS_Processor                             ;
; Family                             ; Cyclone IV GX                              ;
; Total logic elements               ; 0 / 14,400 ( 0 % )                         ;
;     Total combinational functions  ; 0 / 14,400 ( 0 % )                         ;
;     Dedicated logic registers      ; 0 / 14,400 ( 0 % )                         ;
; Total registers                    ; 0                                          ;
; Total pins                         ; 2 / 81 ( 2 % )                             ;
; Total virtual pins                 ; 0                                          ;
; Total memory bits                  ; 0 / 552,960 ( 0 % )                        ;
; Embedded Multiplier 9-bit elements ; 0                                          ;
; Total GXB Receiver Channel PCS     ; 0 / 2 ( 0 % )                              ;
; Total GXB Receiver Channel PMA     ; 0 / 2 ( 0 % )                              ;
; Total GXB Transmitter Channel PCS  ; 0 / 2 ( 0 % )                              ;
; Total GXB Transmitter Channel PMA  ; 0 / 2 ( 0 % )                              ;
; Total PLLs                         ; 0 / 3 ( 0 % )                              ;
; Device                             ; EP4CGX15BF14C6                             ;
; Timing Models                      ; Final                                      ;
+------------------------------------+--------------------------------------------+


+-----------------------------------------+
; Flow Settings                           ;
+-------------------+---------------------+
; Option            ; Setting             ;
+-------------------+---------------------+
; Start date & time ; 11/17/2025 23:32:09 ;
; Main task         ; Compilation         ;
; Revision Name     ; ProcessadorMIPS     ;
+-------------------+---------------------+


+--------------------------------------------------------------------------------------------------------------------------+
; Flow Non-Default Global Settings                                                                                         ;
+-------------------------------------+--------------------------------+-----------------+----------------+----------------+
; Assignment Name                     ; Value                          ; Default Value   ; Entity Name    ; Section Id     ;
+-------------------------------------+--------------------------------+-----------------+----------------+----------------+
; COMPILER_SIGNATURE_ID               ; 92757783144205.176343312917020 ; --              ; --             ; --             ;
; EDA_OUTPUT_DATA_FORMAT              ; Vhdl                           ; --              ; --             ; eda_simulation ;
; EDA_SIMULATION_TOOL                 ; ModelSim-Altera (VHDL)         ; <None>          ; --             ; --             ;
; PARTITION_COLOR                     ; 16764057                       ; --              ; MIPS_Processor ; Top            ;
; PARTITION_FITTER_PRESERVATION_LEVEL ; PLACEMENT_AND_ROUTING          ; --              ; MIPS_Processor ; Top            ;
; PARTITION_NETLIST_TYPE              ; SOURCE                         ; --              ; MIPS_Processor ; Top            ;
; PROJECT_OUTPUT_DIRECTORY            ; output_files                   ; --              ; --             ; --             ;
; TOP_LEVEL_ENTITY                    ; MIPS_Processor                 ; ProcessadorMIPS ; --             ; --             ;
+-------------------------------------+--------------------------------+-----------------+----------------+----------------+


+-------------------------------------------------------------------------------------------------------------------------------+
; Flow Elapsed Time                                                                                                             ;
+---------------------------+--------------+-------------------------+---------------------+------------------------------------+
; Module Name               ; Elapsed Time ; Average Processors Used ; Peak Virtual Memory ; Total CPU Time (on all processors) ;
+---------------------------+--------------+-------------------------+---------------------+------------------------------------+
; Analysis & Synthesis      ; 00:00:02     ; 1.0                     ; 4727 MB             ; 00:00:02                           ;
; Fitter                    ; 00:00:05     ; 1.0                     ; 4988 MB             ; 00:00:05                           ;
; Assembler                 ; 00:00:01     ; 1.0                     ; 4623 MB             ; 00:00:01                           ;
; TimeQuest Timing Analyzer ; 00:00:02     ; 1.0                     ; 4628 MB             ; 00:00:02                           ;
; EDA Netlist Writer        ; 00:00:01     ; 1.0                     ; 4578 MB             ; 00:00:01                           ;
; Total                     ; 00:00:11     ; --                      ; --                  ; 00:00:11                           ;
+---------------------------+--------------+-------------------------+---------------------+------------------------------------+


+----------------------------------------------------------------------------------------+
; Flow OS Summary                                                                        ;
+---------------------------+------------------+-----------+------------+----------------+
; Module Name               ; Machine Hostname ; OS Name   ; OS Version ; Processor type ;
+---------------------------+------------------+-----------+------------+----------------+
; Analysis & Synthesis      ; RDI-EZEQUIAS     ; Windows 7 ; 6.2        ; x86_64         ;
; Fitter                    ; RDI-EZEQUIAS     ; Windows 7 ; 6.2        ; x86_64         ;
; Assembler                 ; RDI-EZEQUIAS     ; Windows 7 ; 6.2        ; x86_64         ;
; TimeQuest Timing Analyzer ; RDI-EZEQUIAS     ; Windows 7 ; 6.2        ; x86_64         ;
; EDA Netlist Writer        ; RDI-EZEQUIAS     ; Windows 7 ; 6.2        ; x86_64         ;
+---------------------------+------------------+-----------+------------+----------------+


------------
; Flow Log ;
------------
quartus_map --read_settings_files=on --write_settings_files=off ProcessadorMIPS -c ProcessadorMIPS
quartus_fit --read_settings_files=off --write_settings_files=off ProcessadorMIPS -c ProcessadorMIPS
quartus_asm --read_settings_files=off --write_settings_files=off ProcessadorMIPS -c ProcessadorMIPS
quartus_sta ProcessadorMIPS -c ProcessadorMIPS
quartus_eda --read_settings_files=off --write_settings_files=off ProcessadorMIPS -c ProcessadorMIPS



